<?xml version="1.0" encoding="UTF-8"?>
<testsuite name="com.censusanalyser.CensusAnalyserTest" tests="1" skipped="0" failures="0" errors="0" timestamp="2019-12-14T06:16:23" hostname="mohit-Inspiron-15-3567" time="0.257">
  <properties/>
  <testcase name="givenUSCensusData_WhenSortedOnPopulationAndDensity_ShouldReturnSortedResult" classname="com.censusanalyser.CensusAnalyserTest" time="0.257"/>
  <system-out><![CDATA[]]></system-out>
  <system-err><![CDATA[]]></system-err>
</testsuite>
