<?xml version="1.0" encoding="UTF-8"?>
<testsuite name="censusanalyser.CensusAnalyserTest" tests="1" skipped="0" failures="0" errors="0" timestamp="2019-12-09T06:16:07" hostname="admin1-desktop" time="0.108">
  <properties/>
  <testcase name="givenIndiaCensusData_ShouldReturnExactCount" classname="censusanalyser.CensusAnalyserTest" time="0.108"/>
  <system-out><![CDATA[]]></system-out>
  <system-err><![CDATA[]]></system-err>
</testsuite>
